Spark Command: /usr/lib/jvm/java-8-openjdk-amd64/jre/bin/java -cp /opt/spark-2.3.4-bin-hadoop2.7/conf/:/opt/spark-2.3.4-bin-hadoop2.7/jars/* -Xmx1g org.apache.spark.deploy.master.Master --host 6c7501d6f05b --port 7077 --webui-port 8080
========================================
2022-04-03 17:06:25 INFO  Master:2612 - Started daemon with process name: 1622@6c7501d6f05b
2022-04-03 17:06:25 INFO  SignalUtils:54 - Registered signal handler for TERM
2022-04-03 17:06:25 INFO  SignalUtils:54 - Registered signal handler for HUP
2022-04-03 17:06:25 INFO  SignalUtils:54 - Registered signal handler for INT
2022-04-03 17:06:27 WARN  NativeCodeLoader:62 - Unable to load native-hadoop library for your platform... using builtin-java classes where applicable
2022-04-03 17:06:27 INFO  SecurityManager:54 - Changing view acls to: root
2022-04-03 17:06:27 INFO  SecurityManager:54 - Changing modify acls to: root
2022-04-03 17:06:27 INFO  SecurityManager:54 - Changing view acls groups to: 
2022-04-03 17:06:27 INFO  SecurityManager:54 - Changing modify acls groups to: 
2022-04-03 17:06:27 INFO  SecurityManager:54 - SecurityManager: authentication disabled; ui acls disabled; users  with view permissions: Set(root); groups with view permissions: Set(); users  with modify permissions: Set(root); groups with modify permissions: Set()
2022-04-03 17:06:29 INFO  Utils:54 - Successfully started service 'sparkMaster' on port 7077.
2022-04-03 17:06:29 INFO  Master:54 - Starting Spark master at spark://6c7501d6f05b:7077
2022-04-03 17:06:29 INFO  Master:54 - Running Spark version 2.3.4
2022-04-03 17:06:29 INFO  log:192 - Logging initialized @7916ms
2022-04-03 17:06:30 INFO  Server:351 - jetty-9.3.z-SNAPSHOT, build timestamp: unknown, git hash: unknown
2022-04-03 17:06:30 INFO  Server:419 - Started @8243ms
2022-04-03 17:06:30 INFO  AbstractConnector:278 - Started ServerConnector@2a5a7abb{HTTP/1.1,[http/1.1]}{0.0.0.0:8080}
2022-04-03 17:06:30 INFO  Utils:54 - Successfully started service 'MasterUI' on port 8080.
2022-04-03 17:06:30 INFO  ContextHandler:781 - Started o.s.j.s.ServletContextHandler@6712007d{/app,null,AVAILABLE,@Spark}
2022-04-03 17:06:30 INFO  ContextHandler:781 - Started o.s.j.s.ServletContextHandler@1cb79964{/app/json,null,AVAILABLE,@Spark}
2022-04-03 17:06:30 INFO  ContextHandler:781 - Started o.s.j.s.ServletContextHandler@a9bfa65{/,null,AVAILABLE,@Spark}
2022-04-03 17:06:30 INFO  ContextHandler:781 - Started o.s.j.s.ServletContextHandler@391fced8{/json,null,AVAILABLE,@Spark}
2022-04-03 17:06:30 INFO  ContextHandler:781 - Started o.s.j.s.ServletContextHandler@19c30c26{/static,null,AVAILABLE,@Spark}
2022-04-03 17:06:30 INFO  ContextHandler:781 - Started o.s.j.s.ServletContextHandler@62b12659{/app/kill,null,AVAILABLE,@Spark}
2022-04-03 17:06:30 INFO  ContextHandler:781 - Started o.s.j.s.ServletContextHandler@3e75a7d5{/driver/kill,null,AVAILABLE,@Spark}
2022-04-03 17:06:30 INFO  MasterWebUI:54 - Bound MasterWebUI to 0.0.0.0, and started at http://6c7501d6f05b:8080
2022-04-03 17:06:30 INFO  Server:351 - jetty-9.3.z-SNAPSHOT, build timestamp: unknown, git hash: unknown
2022-04-03 17:06:30 INFO  ContextHandler:781 - Started o.s.j.s.ServletContextHandler@547df57d{/,null,AVAILABLE}
2022-04-03 17:06:30 INFO  AbstractConnector:278 - Started ServerConnector@2603b56a{HTTP/1.1,[http/1.1]}{6c7501d6f05b:6066}
2022-04-03 17:06:30 INFO  Server:419 - Started @8892ms
2022-04-03 17:06:30 INFO  Utils:54 - Successfully started service on port 6066.
2022-04-03 17:06:30 INFO  StandaloneRestServer:54 - Started REST server for submitting applications on port 6066
2022-04-03 17:06:31 INFO  ContextHandler:781 - Started o.s.j.s.ServletContextHandler@6338bccf{/metrics/master/json,null,AVAILABLE,@Spark}
2022-04-03 17:06:31 INFO  ContextHandler:781 - Started o.s.j.s.ServletContextHandler@5e38625a{/metrics/applications/json,null,AVAILABLE,@Spark}
2022-04-03 17:06:31 INFO  Master:54 - I have been elected leader! New state: ALIVE
2022-04-03 17:07:29 INFO  Master:54 - Registering worker 172.18.0.2:35277 with 2 cores, 6.3 GB RAM
