Spark Command: /usr/lib/jvm/java-8-openjdk-amd64/jre/bin/java -cp /opt/spark-2.3.4-bin-hadoop2.7/conf/:/opt/spark-2.3.4-bin-hadoop2.7/jars/* -Xmx1g org.apache.spark.deploy.worker.Worker --webui-port 8081 spark://6c7501d6f05b:7077
========================================
2022-04-03 17:07:22 INFO  Worker:2612 - Started daemon with process name: 1686@6c7501d6f05b
2022-04-03 17:07:22 INFO  SignalUtils:54 - Registered signal handler for TERM
2022-04-03 17:07:22 INFO  SignalUtils:54 - Registered signal handler for HUP
2022-04-03 17:07:22 INFO  SignalUtils:54 - Registered signal handler for INT
2022-04-03 17:07:24 WARN  NativeCodeLoader:62 - Unable to load native-hadoop library for your platform... using builtin-java classes where applicable
2022-04-03 17:07:25 INFO  SecurityManager:54 - Changing view acls to: root
2022-04-03 17:07:25 INFO  SecurityManager:54 - Changing modify acls to: root
2022-04-03 17:07:25 INFO  SecurityManager:54 - Changing view acls groups to: 
2022-04-03 17:07:25 INFO  SecurityManager:54 - Changing modify acls groups to: 
2022-04-03 17:07:25 INFO  SecurityManager:54 - SecurityManager: authentication disabled; ui acls disabled; users  with view permissions: Set(root); groups with view permissions: Set(); users  with modify permissions: Set(root); groups with modify permissions: Set()
2022-04-03 17:07:26 INFO  Utils:54 - Successfully started service 'sparkWorker' on port 35277.
2022-04-03 17:07:27 INFO  Worker:54 - Starting Spark worker 172.18.0.2:35277 with 2 cores, 6.3 GB RAM
2022-04-03 17:07:27 INFO  Worker:54 - Running Spark version 2.3.4
2022-04-03 17:07:27 INFO  Worker:54 - Spark home: /opt/spark-2.3.4-bin-hadoop2.7
2022-04-03 17:07:27 INFO  log:192 - Logging initialized @8629ms
2022-04-03 17:07:28 INFO  Server:351 - jetty-9.3.z-SNAPSHOT, build timestamp: unknown, git hash: unknown
2022-04-03 17:07:28 INFO  Server:419 - Started @8929ms
2022-04-03 17:07:28 WARN  Utils:66 - Service 'WorkerUI' could not bind on port 8081. Attempting port 8082.
2022-04-03 17:07:28 WARN  Utils:66 - Service 'WorkerUI' could not bind on port 8082. Attempting port 8083.
2022-04-03 17:07:28 WARN  Utils:66 - Service 'WorkerUI' could not bind on port 8083. Attempting port 8084.
2022-04-03 17:07:28 INFO  AbstractConnector:278 - Started ServerConnector@2415000b{HTTP/1.1,[http/1.1]}{0.0.0.0:8084}
2022-04-03 17:07:28 INFO  Utils:54 - Successfully started service 'WorkerUI' on port 8084.
2022-04-03 17:07:28 INFO  ContextHandler:781 - Started o.s.j.s.ServletContextHandler@39bb8d03{/logPage,null,AVAILABLE,@Spark}
2022-04-03 17:07:28 INFO  ContextHandler:781 - Started o.s.j.s.ServletContextHandler@482d63dc{/logPage/json,null,AVAILABLE,@Spark}
2022-04-03 17:07:28 INFO  ContextHandler:781 - Started o.s.j.s.ServletContextHandler@64964b7{/,null,AVAILABLE,@Spark}
2022-04-03 17:07:28 INFO  ContextHandler:781 - Started o.s.j.s.ServletContextHandler@4e22c94d{/json,null,AVAILABLE,@Spark}
2022-04-03 17:07:28 INFO  ContextHandler:781 - Started o.s.j.s.ServletContextHandler@6db270d6{/static,null,AVAILABLE,@Spark}
2022-04-03 17:07:28 INFO  ContextHandler:781 - Started o.s.j.s.ServletContextHandler@709c5609{/log,null,AVAILABLE,@Spark}
2022-04-03 17:07:28 INFO  WorkerWebUI:54 - Bound WorkerWebUI to 0.0.0.0, and started at http://6c7501d6f05b:8084
2022-04-03 17:07:28 INFO  Worker:54 - Connecting to master 6c7501d6f05b:7077...
2022-04-03 17:07:28 INFO  ContextHandler:781 - Started o.s.j.s.ServletContextHandler@58f3c571{/metrics/json,null,AVAILABLE,@Spark}
2022-04-03 17:07:28 INFO  TransportClientFactory:267 - Successfully created connection to 6c7501d6f05b/172.18.0.2:7077 after 214 ms (0 ms spent in bootstraps)
2022-04-03 17:07:29 INFO  Worker:54 - Successfully registered with master spark://6c7501d6f05b:7077
